<?xml version="1.0" encoding="UTF-8"?>
<!-- Generated by org.testng.reporters.JUnitReportReporter -->
<testsuite hostname="Js-MacBook-Air.local" name="Academy.ValidateTitle" tests="1" failures="0" timestamp="19 Feb 2019 12:11:37 GMT" time="0.109" errors="0">
  <testcase name="pageNavigation" time="0.109" classname="Academy.ValidateTitle"/>
</testsuite> <!-- Academy.ValidateTitle -->
