<?xml version="1.0" encoding="UTF-8"?>
<!-- Generated by org.testng.reporters.JUnitReportReporter -->
<testsuite hostname="Js-MacBook-Air.local" name="Academy.ValidateTitle" tests="1" failures="0" timestamp="16 Feb 2019 15:34:07 GMT" time="0.096" errors="0">
  <testcase name="pageNavigation" time="0.096" classname="Academy.ValidateTitle"/>
</testsuite> <!-- Academy.ValidateTitle -->
