<?xml version="1.0" encoding="UTF-8"?>
<!-- Generated by org.testng.reporters.JUnitReportReporter -->
<testsuite hostname="Js-MacBook-Air.local" name="Academy.HomePage" tests="1" failures="0" timestamp="16 Feb 2019 15:22:42 GMT" time="17.665" errors="0">
  <testcase name="navigation" time="17.665" classname="Academy.HomePage"/>
</testsuite> <!-- Academy.HomePage -->
