<?xml version="1.0" encoding="UTF-8"?>
<!-- Generated by org.testng.reporters.JUnitReportReporter -->
<testsuite hostname="Js-MacBook-Air.local" name="Academy.ValidationNavigationBar" tests="1" failures="0" timestamp="16 Feb 2019 12:39:27 GMT" time="0.042" errors="0">
  <testcase name="basePageNavigation" time="0.042" classname="Academy.ValidationNavigationBar"/>
</testsuite> <!-- Academy.ValidationNavigationBar -->
