<?xml version="1.0" encoding="UTF-8"?>
<!-- Generated by org.testng.reporters.JUnitReportReporter -->
<testsuite hostname="Js-MacBook-Air.local" name="Academy.HomePage" tests="1" failures="0" timestamp="19 Feb 2019 12:12:41 GMT" time="15.205" errors="0">
  <testcase name="navigation" time="15.205" classname="Academy.HomePage"/>
</testsuite> <!-- Academy.HomePage -->
